2026-02-24 22:54:46,572 - INFO - 开始训练...
2026-02-24 22:54:46,572 - INFO - 配置信息: {'__name__': 'config', '__doc__': None, '__package__': '', '__loader__': <_frozen_importlib_external.SourceFileLoader object at 0x7f08ff56d110>, '__spec__': ModuleSpec(name='config', loader=<_frozen_importlib_external.SourceFileLoader object at 0x7f08ff56d110>, origin='/home/aistudio/config.py'), '__file__': '/home/aistudio/config.py', '__cached__': '/home/aistudio/__pycache__/config.cpython-37.pyc', '__builtins__': {'__name__': 'builtins', '__doc__': "Built-in functions, exceptions, and other objects.\n\nNoteworthy: None is the `nil' object; Ellipsis represents `...' in slices.", '__package__': '', '__loader__': <class '_frozen_importlib.BuiltinImporter'>, '__spec__': ModuleSpec(name='builtins', loader=<class '_frozen_importlib.BuiltinImporter'>), '__build_class__': <built-in function __build_class__>, '__import__': <built-in function __import__>, 'abs': <built-in function abs>, 'all': <built-in function all>, 'any': <built-in function any>, 'ascii': <built-in function ascii>, 'bin': <built-in function bin>, 'breakpoint': <built-in function breakpoint>, 'callable': <built-in function callable>, 'chr': <built-in function chr>, 'compile': <built-in function compile>, 'delattr': <built-in function delattr>, 'dir': <built-in function dir>, 'divmod': <built-in function divmod>, 'eval': <built-in function eval>, 'exec': <built-in function exec>, 'format': <built-in function format>, 'getattr': <built-in function getattr>, 'globals': <built-in function globals>, 'hasattr': <built-in function hasattr>, 'hash': <built-in function hash>, 'hex': <built-in function hex>, 'id': <built-in function id>, 'input': <built-in function input>, 'isinstance': <built-in function isinstance>, 'issubclass': <built-in function issubclass>, 'iter': <built-in function iter>, 'len': <built-in function len>, 'locals': <built-in function locals>, 'max': <built-in function max>, 'min': <built-in function min>, 'next': <built-in function next>, 'oct': <built-in function oct>, 'ord': <built-in function ord>, 'pow': <built-in function pow>, 'print': <built-in function print>, 'repr': <built-in function repr>, 'round': <built-in function round>, 'setattr': <built-in function setattr>, 'sorted': <built-in function sorted>, 'sum': <built-in function sum>, 'vars': <built-in function vars>, 'None': None, 'Ellipsis': Ellipsis, 'NotImplemented': NotImplemented, 'False': False, 'True': True, 'bool': <class 'bool'>, 'memoryview': <class 'memoryview'>, 'bytearray': <class 'bytearray'>, 'bytes': <class 'bytes'>, 'classmethod': <class 'classmethod'>, 'complex': <class 'complex'>, 'dict': <class 'dict'>, 'enumerate': <class 'enumerate'>, 'filter': <class 'filter'>, 'float': <class 'float'>, 'frozenset': <class 'frozenset'>, 'property': <class 'property'>, 'int': <class 'int'>, 'list': <class 'list'>, 'map': <class 'map'>, 'object': <class 'object'>, 'range': <class 'range'>, 'reversed': <class 'reversed'>, 'set': <class 'set'>, 'slice': <class 'slice'>, 'staticmethod': <class 'staticmethod'>, 'str': <class 'str'>, 'super': <class 'super'>, 'tuple': <class 'tuple'>, 'type': <class 'type'>, 'zip': <class 'zip'>, '__debug__': True, 'BaseException': <class 'BaseException'>, 'Exception': <class 'Exception'>, 'TypeError': <class 'TypeError'>, 'StopAsyncIteration': <class 'StopAsyncIteration'>, 'StopIteration': <class 'StopIteration'>, 'GeneratorExit': <class 'GeneratorExit'>, 'SystemExit': <class 'SystemExit'>, 'KeyboardInterrupt': <class 'KeyboardInterrupt'>, 'ImportError': <class 'ImportError'>, 'ModuleNotFoundError': <class 'ModuleNotFoundError'>, 'OSError': <class 'OSError'>, 'EnvironmentError': <class 'OSError'>, 'IOError': <class 'OSError'>, 'EOFError': <class 'EOFError'>, 'RuntimeError': <class 'RuntimeError'>, 'RecursionError': <class 'RecursionError'>, 'NotImplementedError': <class 'NotImplementedError'>, 'NameError': <class 'NameError'>, 'UnboundLocalError': <class 'UnboundLocalError'>, 'AttributeError': <class 'AttributeError'>, 'SyntaxError': <class 'SyntaxError'>, 'IndentationError': <class 'IndentationError'>, 'TabError': <class 'TabError'>, 'LookupError': <class 'LookupError'>, 'IndexError': <class 'IndexError'>, 'KeyError': <class 'KeyError'>, 'ValueError': <class 'ValueError'>, 'UnicodeError': <class 'UnicodeError'>, 'UnicodeEncodeError': <class 'UnicodeEncodeError'>, 'UnicodeDecodeError': <class 'UnicodeDecodeError'>, 'UnicodeTranslateError': <class 'UnicodeTranslateError'>, 'AssertionError': <class 'AssertionError'>, 'ArithmeticError': <class 'ArithmeticError'>, 'FloatingPointError': <class 'FloatingPointError'>, 'OverflowError': <class 'OverflowError'>, 'ZeroDivisionError': <class 'ZeroDivisionError'>, 'SystemError': <class 'SystemError'>, 'ReferenceError': <class 'ReferenceError'>, 'MemoryError': <class 'MemoryError'>, 'BufferError': <class 'BufferError'>, 'Warning': <class 'Warning'>, 'UserWarning': <class 'UserWarning'>, 'DeprecationWarning': <class 'DeprecationWarning'>, 'PendingDeprecationWarning': <class 'PendingDeprecationWarning'>, 'SyntaxWarning': <class 'SyntaxWarning'>, 'RuntimeWarning': <class 'RuntimeWarning'>, 'FutureWarning': <class 'FutureWarning'>, 'ImportWarning': <class 'ImportWarning'>, 'UnicodeWarning': <class 'UnicodeWarning'>, 'BytesWarning': <class 'BytesWarning'>, 'ResourceWarning': <class 'ResourceWarning'>, 'ConnectionError': <class 'ConnectionError'>, 'BlockingIOError': <class 'BlockingIOError'>, 'BrokenPipeError': <class 'BrokenPipeError'>, 'ChildProcessError': <class 'ChildProcessError'>, 'ConnectionAbortedError': <class 'ConnectionAbortedError'>, 'ConnectionRefusedError': <class 'ConnectionRefusedError'>, 'ConnectionResetError': <class 'ConnectionResetError'>, 'FileExistsError': <class 'FileExistsError'>, 'FileNotFoundError': <class 'FileNotFoundError'>, 'IsADirectoryError': <class 'IsADirectoryError'>, 'NotADirectoryError': <class 'NotADirectoryError'>, 'InterruptedError': <class 'InterruptedError'>, 'PermissionError': <class 'PermissionError'>, 'ProcessLookupError': <class 'ProcessLookupError'>, 'TimeoutError': <class 'TimeoutError'>, 'open': <built-in function open>, 'quit': Use quit() or Ctrl-D (i.e. EOF) to exit, 'exit': Use exit() or Ctrl-D (i.e. EOF) to exit, 'copyright': Copyright (c) 2001-2019 Python Software Foundation.
All Rights Reserved.

Copyright (c) 2000 BeOpen.com.
All Rights Reserved.

Copyright (c) 1995-2001 Corporation for National Research Initiatives.
All Rights Reserved.

Copyright (c) 1991-1995 Stichting Mathematisch Centrum, Amsterdam.
All Rights Reserved., 'credits':     Thanks to CWI, CNRI, BeOpen.com, Zope Corporation and a cast of thousands
    for supporting Python development.  See www.python.org for more information., 'license': Type license() to see the full license text, 'help': Type help() for interactive help, or help(object) for help about object., '__pybind11_internals_v4_gcc_libstdcpp_cxxabi1011__': <capsule object NULL at 0x7f08fe9ae5d0>}, 'torch': <module 'torch' from '/opt/conda/envs/python35-paddle120-env/lib/python3.7/site-packages/torch/__init__.py'>, 'data_root': './data', 'checkpoint_dir': './checkpoints', 'log_dir': './logs', 'batch_size': 64, 'num_workers': 2, 'num_epochs': 5, 'learning_rate': 0.001, 'momentum': 0.9, 'weight_decay': 0.0005, 'num_classes': 10, 'model_name': 'resnet18', 'device': device(type='cpu')}
2026-02-24 22:54:46,572 - INFO - 使用设备: cpu
2026-02-25 01:06:03,152 - INFO - 训练集批次: 782, 验证集批次: 157
2026-02-25 01:06:03,316 - INFO - 模型: resnet18
2026-02-25 01:06:03,318 - WARNING - 未找到权重文件 ./checkpoints/last_checkpoint.pth.tar
2026-02-25 01:06:03,318 - INFO - 起始epoch: 0, 当前最佳准确率: 0.00%
2026-02-25 01:06:03,318 - INFO - Epoch 1/5
2026-02-25 01:37:59,551 - INFO - Train Loss: 1.7610, Train Acc: 35.46%
2026-02-25 01:39:44,562 - INFO - Val Loss: 1.4465, Val Acc: 46.86%
2026-02-25 01:39:44,734 - INFO - 模型已保存至 ./checkpoints/best_model.pth.tar
2026-02-25 01:39:44,734 - INFO - 发现新的最佳模型，准确率 46.86%，已保存
2026-02-25 01:39:44,735 - INFO - Epoch 2/5
2026-02-25 02:13:12,269 - INFO - Train Loss: 1.4555, Train Acc: 46.82%
2026-02-25 02:15:27,973 - INFO - Val Loss: 1.3045, Val Acc: 52.90%
2026-02-25 02:15:28,450 - INFO - 模型已保存至 ./checkpoints/best_model.pth.tar
2026-02-25 02:15:28,450 - INFO - 发现新的最佳模型，准确率 52.90%，已保存
2026-02-25 02:15:28,450 - INFO - Epoch 3/5
2026-02-25 02:50:08,353 - INFO - Train Loss: 1.3157, Train Acc: 52.47%
2026-02-25 02:51:48,461 - INFO - Val Loss: 1.1892, Val Acc: 56.77%
2026-02-25 02:51:49,032 - INFO - 模型已保存至 ./checkpoints/best_model.pth.tar
2026-02-25 02:51:49,032 - INFO - 发现新的最佳模型，准确率 56.77%，已保存
2026-02-25 02:51:49,032 - INFO - Epoch 4/5
2026-02-25 03:24:01,852 - INFO - Train Loss: 1.2161, Train Acc: 55.77%
2026-02-25 03:25:38,554 - INFO - Val Loss: 1.0902, Val Acc: 60.75%
2026-02-25 03:25:39,059 - INFO - 模型已保存至 ./checkpoints/best_model.pth.tar
2026-02-25 03:25:39,059 - INFO - 发现新的最佳模型，准确率 60.75%，已保存
2026-02-25 03:25:39,059 - INFO - Epoch 5/5
2026-02-25 03:59:40,457 - INFO - Train Loss: 1.1359, Train Acc: 59.29%
2026-02-25 04:01:45,053 - INFO - Val Loss: 1.0576, Val Acc: 62.20%
2026-02-25 04:01:45,505 - INFO - 模型已保存至 ./checkpoints/best_model.pth.tar
2026-02-25 04:01:45,505 - INFO - 发现新的最佳模型，准确率 62.20%，已保存
2026-02-25 04:01:45,607 - INFO - 模型已保存至 ./checkpoints/last_checkpoint.pth.tar
2026-02-25 04:01:45,607 - INFO - 训练结束！
