2026-02-26 16:51:04,537 - INFO - 开始训练...
2026-02-26 16:51:04,538 - INFO - 配置信息: {'__name__': 'config', '__doc__': None, '__package__': '', '__loader__': <_frozen_importlib_external.SourceFileLoader object at 0x7f2e5f995150>, '__spec__': ModuleSpec(name='config', loader=<_frozen_importlib_external.SourceFileLoader object at 0x7f2e5f995150>, origin='/home/aistudio/config.py'), '__file__': '/home/aistudio/config.py', '__cached__': '/home/aistudio/__pycache__/config.cpython-37.pyc', '__builtins__': {'__name__': 'builtins', '__doc__': "Built-in functions, exceptions, and other objects.\n\nNoteworthy: None is the `nil' object; Ellipsis represents `...' in slices.", '__package__': '', '__loader__': <class '_frozen_importlib.BuiltinImporter'>, '__spec__': ModuleSpec(name='builtins', loader=<class '_frozen_importlib.BuiltinImporter'>), '__build_class__': <built-in function __build_class__>, '__import__': <built-in function __import__>, 'abs': <built-in function abs>, 'all': <built-in function all>, 'any': <built-in function any>, 'ascii': <built-in function ascii>, 'bin': <built-in function bin>, 'breakpoint': <built-in function breakpoint>, 'callable': <built-in function callable>, 'chr': <built-in function chr>, 'compile': <built-in function compile>, 'delattr': <built-in function delattr>, 'dir': <built-in function dir>, 'divmod': <built-in function divmod>, 'eval': <built-in function eval>, 'exec': <built-in function exec>, 'format': <built-in function format>, 'getattr': <built-in function getattr>, 'globals': <built-in function globals>, 'hasattr': <built-in function hasattr>, 'hash': <built-in function hash>, 'hex': <built-in function hex>, 'id': <built-in function id>, 'input': <built-in function input>, 'isinstance': <built-in function isinstance>, 'issubclass': <built-in function issubclass>, 'iter': <built-in function iter>, 'len': <built-in function len>, 'locals': <built-in function locals>, 'max': <built-in function max>, 'min': <built-in function min>, 'next': <built-in function next>, 'oct': <built-in function oct>, 'ord': <built-in function ord>, 'pow': <built-in function pow>, 'print': <built-in function print>, 'repr': <built-in function repr>, 'round': <built-in function round>, 'setattr': <built-in function setattr>, 'sorted': <built-in function sorted>, 'sum': <built-in function sum>, 'vars': <built-in function vars>, 'None': None, 'Ellipsis': Ellipsis, 'NotImplemented': NotImplemented, 'False': False, 'True': True, 'bool': <class 'bool'>, 'memoryview': <class 'memoryview'>, 'bytearray': <class 'bytearray'>, 'bytes': <class 'bytes'>, 'classmethod': <class 'classmethod'>, 'complex': <class 'complex'>, 'dict': <class 'dict'>, 'enumerate': <class 'enumerate'>, 'filter': <class 'filter'>, 'float': <class 'float'>, 'frozenset': <class 'frozenset'>, 'property': <class 'property'>, 'int': <class 'int'>, 'list': <class 'list'>, 'map': <class 'map'>, 'object': <class 'object'>, 'range': <class 'range'>, 'reversed': <class 'reversed'>, 'set': <class 'set'>, 'slice': <class 'slice'>, 'staticmethod': <class 'staticmethod'>, 'str': <class 'str'>, 'super': <class 'super'>, 'tuple': <class 'tuple'>, 'type': <class 'type'>, 'zip': <class 'zip'>, '__debug__': True, 'BaseException': <class 'BaseException'>, 'Exception': <class 'Exception'>, 'TypeError': <class 'TypeError'>, 'StopAsyncIteration': <class 'StopAsyncIteration'>, 'StopIteration': <class 'StopIteration'>, 'GeneratorExit': <class 'GeneratorExit'>, 'SystemExit': <class 'SystemExit'>, 'KeyboardInterrupt': <class 'KeyboardInterrupt'>, 'ImportError': <class 'ImportError'>, 'ModuleNotFoundError': <class 'ModuleNotFoundError'>, 'OSError': <class 'OSError'>, 'EnvironmentError': <class 'OSError'>, 'IOError': <class 'OSError'>, 'EOFError': <class 'EOFError'>, 'RuntimeError': <class 'RuntimeError'>, 'RecursionError': <class 'RecursionError'>, 'NotImplementedError': <class 'NotImplementedError'>, 'NameError': <class 'NameError'>, 'UnboundLocalError': <class 'UnboundLocalError'>, 'AttributeError': <class 'AttributeError'>, 'SyntaxError': <class 'SyntaxError'>, 'IndentationError': <class 'IndentationError'>, 'TabError': <class 'TabError'>, 'LookupError': <class 'LookupError'>, 'IndexError': <class 'IndexError'>, 'KeyError': <class 'KeyError'>, 'ValueError': <class 'ValueError'>, 'UnicodeError': <class 'UnicodeError'>, 'UnicodeEncodeError': <class 'UnicodeEncodeError'>, 'UnicodeDecodeError': <class 'UnicodeDecodeError'>, 'UnicodeTranslateError': <class 'UnicodeTranslateError'>, 'AssertionError': <class 'AssertionError'>, 'ArithmeticError': <class 'ArithmeticError'>, 'FloatingPointError': <class 'FloatingPointError'>, 'OverflowError': <class 'OverflowError'>, 'ZeroDivisionError': <class 'ZeroDivisionError'>, 'SystemError': <class 'SystemError'>, 'ReferenceError': <class 'ReferenceError'>, 'MemoryError': <class 'MemoryError'>, 'BufferError': <class 'BufferError'>, 'Warning': <class 'Warning'>, 'UserWarning': <class 'UserWarning'>, 'DeprecationWarning': <class 'DeprecationWarning'>, 'PendingDeprecationWarning': <class 'PendingDeprecationWarning'>, 'SyntaxWarning': <class 'SyntaxWarning'>, 'RuntimeWarning': <class 'RuntimeWarning'>, 'FutureWarning': <class 'FutureWarning'>, 'ImportWarning': <class 'ImportWarning'>, 'UnicodeWarning': <class 'UnicodeWarning'>, 'BytesWarning': <class 'BytesWarning'>, 'ResourceWarning': <class 'ResourceWarning'>, 'ConnectionError': <class 'ConnectionError'>, 'BlockingIOError': <class 'BlockingIOError'>, 'BrokenPipeError': <class 'BrokenPipeError'>, 'ChildProcessError': <class 'ChildProcessError'>, 'ConnectionAbortedError': <class 'ConnectionAbortedError'>, 'ConnectionRefusedError': <class 'ConnectionRefusedError'>, 'ConnectionResetError': <class 'ConnectionResetError'>, 'FileExistsError': <class 'FileExistsError'>, 'FileNotFoundError': <class 'FileNotFoundError'>, 'IsADirectoryError': <class 'IsADirectoryError'>, 'NotADirectoryError': <class 'NotADirectoryError'>, 'InterruptedError': <class 'InterruptedError'>, 'PermissionError': <class 'PermissionError'>, 'ProcessLookupError': <class 'ProcessLookupError'>, 'TimeoutError': <class 'TimeoutError'>, 'open': <built-in function open>, 'quit': Use quit() or Ctrl-D (i.e. EOF) to exit, 'exit': Use exit() or Ctrl-D (i.e. EOF) to exit, 'copyright': Copyright (c) 2001-2019 Python Software Foundation.
All Rights Reserved.

Copyright (c) 2000 BeOpen.com.
All Rights Reserved.

Copyright (c) 1995-2001 Corporation for National Research Initiatives.
All Rights Reserved.

Copyright (c) 1991-1995 Stichting Mathematisch Centrum, Amsterdam.
All Rights Reserved., 'credits':     Thanks to CWI, CNRI, BeOpen.com, Zope Corporation and a cast of thousands
    for supporting Python development.  See www.python.org for more information., 'license': Type license() to see the full license text, 'help': Type help() for interactive help, or help(object) for help about object., '__pybind11_internals_v4_gcc_libstdcpp_cxxabi1011__': <capsule object NULL at 0x7f2e5edf0300>}, 'torch': <module 'torch' from '/opt/conda/envs/python35-paddle120-env/lib/python3.7/site-packages/torch/__init__.py'>, 'data_root': '/home/aistudio/data', 'checkpoint_dir': './checkpoints', 'log_dir': './logs', 'batch_size': 64, 'num_workers': 2, 'num_epochs': 30, 'learning_rate': 0.001, 'momentum': 0.9, 'weight_decay': 0.0005, 'num_classes': 10, 'model_name': 'resnet18', 'device': device(type='cpu')}
2026-02-26 16:51:04,538 - INFO - 使用设备: cpu
2026-02-26 16:51:06,294 - INFO - 训练集批次: 782, 验证集批次: 157
2026-02-26 16:56:14,771 - INFO - 模型: resnet18
2026-02-26 16:56:15,113 - INFO - 已加载权重 ./checkpoints/last_checkpoint.pth.tar (epoch 15)
2026-02-26 16:56:15,114 - INFO - 起始epoch: 15, 当前最佳准确率: 84.33%
2026-02-26 16:56:15,114 - INFO - Epoch 16/30
2026-02-26 17:19:08,083 - INFO - Train Loss: 0.3613, Train Acc: 87.26%
2026-02-26 17:20:11,481 - INFO - Val Loss: 0.4675, Val Acc: 84.58%
2026-02-26 17:20:11,924 - INFO - 模型已保存至 ./checkpoints/best_model.pth.tar
2026-02-26 17:20:11,924 - INFO - 发现新的最佳模型，准确率 84.58%，已保存
2026-02-26 17:20:11,924 - INFO - Epoch 17/30
2026-02-26 17:42:24,489 - INFO - Train Loss: 0.3596, Train Acc: 87.23%
2026-02-26 17:43:24,581 - INFO - Val Loss: 0.4667, Val Acc: 84.47%
2026-02-26 17:43:24,581 - INFO - Epoch 18/30
2026-02-26 18:07:27,387 - INFO - Train Loss: 0.3552, Train Acc: 87.42%
2026-02-26 18:08:29,687 - INFO - Val Loss: 0.4615, Val Acc: 84.48%
2026-02-26 18:08:29,687 - INFO - Epoch 19/30
2026-02-26 18:29:57,588 - INFO - Train Loss: 0.3567, Train Acc: 87.62%
2026-02-26 18:30:56,383 - INFO - Val Loss: 0.4611, Val Acc: 84.66%
2026-02-26 18:30:57,071 - INFO - 模型已保存至 ./checkpoints/best_model.pth.tar
2026-02-26 18:30:57,071 - INFO - 发现新的最佳模型，准确率 84.66%，已保存
2026-02-26 18:30:57,071 - INFO - Epoch 20/30
2026-02-26 18:52:32,690 - INFO - Train Loss: 0.3487, Train Acc: 87.66%
2026-02-26 18:53:32,876 - INFO - Val Loss: 0.4647, Val Acc: 84.65%
2026-02-26 18:53:33,224 - INFO - 模型已保存至 ./checkpoints/last_checkpoint.pth.tar
2026-02-26 18:53:33,224 - INFO - Epoch 21/30
2026-02-26 19:15:06,781 - INFO - Train Loss: 0.3473, Train Acc: 87.72%
2026-02-26 19:16:04,877 - INFO - Val Loss: 0.4634, Val Acc: 84.67%
2026-02-26 19:16:05,263 - INFO - 模型已保存至 ./checkpoints/best_model.pth.tar
2026-02-26 19:16:05,264 - INFO - 发现新的最佳模型，准确率 84.67%，已保存
2026-02-26 19:16:05,264 - INFO - Epoch 22/30
2026-02-26 19:37:04,286 - INFO - Train Loss: 0.3464, Train Acc: 87.85%
2026-02-26 19:38:02,885 - INFO - Val Loss: 0.4645, Val Acc: 84.66%
2026-02-26 19:38:02,886 - INFO - Epoch 23/30
2026-02-26 20:00:05,095 - INFO - Train Loss: 0.3373, Train Acc: 88.16%
2026-02-26 20:01:02,484 - INFO - Val Loss: 0.4658, Val Acc: 84.67%
2026-02-26 20:01:02,485 - INFO - Epoch 24/30
2026-02-26 20:31:35,076 - INFO - Train Loss: 0.3325, Train Acc: 88.20%
2026-02-26 20:32:40,271 - INFO - Val Loss: 0.4674, Val Acc: 84.74%
2026-02-26 20:32:40,634 - INFO - 模型已保存至 ./checkpoints/best_model.pth.tar
2026-02-26 20:32:40,634 - INFO - 发现新的最佳模型，准确率 84.74%，已保存
2026-02-26 20:32:40,634 - INFO - Epoch 25/30
